<?xml version="1.0" encoding="UTF-8"?>
<robot generator="Robot 6.0.1 (Python 3.10.8 on darwin)" generated="20221122 23:06:27.673" rpa="false" schemaversion="3">
<suite id="s1" name="Suite" source="/Users/annisanurdyah/selenium/suites/suite.robot">
<kw name="Open Browser Web" library="base" type="SETUP">
<doc>Open Browser and go to base url</doc>
<kw name="Open Browser" library="SeleniumLibrary">
<arg>${BASE_URL}</arg>
<arg>${BROWSER_NAME}</arg>
<doc>Opens a new browser instance to the optional ``url``.</doc>
<msg timestamp="20221122 23:06:27.931" level="INFO">Opening browser 'chrome' to base url 'https://www.amazon.com/'.</msg>
<status status="PASS" starttime="20221122 23:06:27.930" endtime="20221122 23:06:32.455"/>
</kw>
<kw name="Maximize Browser Window" library="SeleniumLibrary">
<doc>Maximizes current browser window.</doc>
<status status="PASS" starttime="20221122 23:06:32.456" endtime="20221122 23:06:32.676"/>
</kw>
<status status="PASS" starttime="20221122 23:06:27.930" endtime="20221122 23:06:32.678"/>
</kw>
<test id="s1-t1" name="User Should Be Able To Delete Cart" line="8">
<kw name="User Search On Search Field" library="libraries">
<doc>Keyword to user has searched on search field</doc>
<kw name="Input Text On Search Text Box" library="search">
<doc>Keyword to input text on search text box</doc>
<kw name="Click Element" library="SeleniumLibrary">
<arg>${textBox_SearchPage}</arg>
<doc>Click the element identified by ``locator``.</doc>
<msg timestamp="20221122 23:06:32.689" level="INFO">Clicking element '//*[@id="twotabsearchtextbox"]'.</msg>
<status status="PASS" starttime="20221122 23:06:32.685" endtime="20221122 23:06:32.851"/>
</kw>
<kw name="Input Text" library="SeleniumLibrary">
<arg>${textBox_SearchPage}</arg>
<arg>${search_keyword}</arg>
<doc>Types the given ``text`` into the text field identified by ``locator``.</doc>
<msg timestamp="20221122 23:06:32.852" level="INFO">Typing text 'Computer' into text field '//*[@id="twotabsearchtextbox"]'.</msg>
<status status="PASS" starttime="20221122 23:06:32.851" endtime="20221122 23:06:32.971"/>
</kw>
<status status="PASS" starttime="20221122 23:06:32.684" endtime="20221122 23:06:32.971"/>
</kw>
<kw name="Click Search Button" library="search">
<doc>Keyword to click search button</doc>
<kw name="Click Button" library="SeleniumLibrary">
<arg>${buttonClickSearch_SearchPage}</arg>
<doc>Clicks the button identified by ``locator``.</doc>
<msg timestamp="20221122 23:06:32.972" level="INFO">Clicking button '//*[@id="nav-search-submit-button"]'.</msg>
<status status="PASS" starttime="20221122 23:06:32.972" endtime="20221122 23:06:37.429"/>
</kw>
<status status="PASS" starttime="20221122 23:06:32.972" endtime="20221122 23:06:37.429"/>
</kw>
<kw name="Verify Search Result Appears" library="search">
<doc>Keyword to verify search result page appears</doc>
<kw name="Element Should Be Visible" library="SeleniumLibrary">
<arg>${searchResultPage_searchPage.format("${search_keyword}")}</arg>
<doc>Verifies that the element identified by ``locator`` is visible.</doc>
<msg timestamp="20221122 23:06:37.480" level="INFO">Element '//*[@class="a-color-state a-text-bold" and contains(text(), "Computer")]' is displayed.</msg>
<status status="PASS" starttime="20221122 23:06:37.430" endtime="20221122 23:06:37.480"/>
</kw>
<status status="PASS" starttime="20221122 23:06:37.429" endtime="20221122 23:06:37.480"/>
</kw>
<status status="PASS" starttime="20221122 23:06:32.683" endtime="20221122 23:06:37.480"/>
</kw>
<kw name="User Choose Brand Based On Features Brand" library="libraries">
<doc>Keyword to user checked based on feature brand</doc>
<kw name="Click Checkbox On Features Brand" library="search">
<doc>Keyword to click checkbox on features brand</doc>
<kw name="Wait Until Element Is Visible" library="SeleniumLibrary">
<arg>${checkBox_resultSearchPage}</arg>
<doc>Waits until the element ``locator`` is visible.</doc>
<status status="PASS" starttime="20221122 23:06:37.481" endtime="20221122 23:06:37.509"/>
</kw>
<kw name="Click Element" library="SeleniumLibrary">
<arg>${checkBox_resultSearchPage}</arg>
<doc>Click the element identified by ``locator``.</doc>
<msg timestamp="20221122 23:06:37.510" level="INFO">Clicking element '//*[@id="brandsRefinements"]//span[contains(text(), "Dell")]/preceding-sibling::*//i[@class="a-icon a-icon-checkbox"]'.</msg>
<status status="PASS" starttime="20221122 23:06:37.509" endtime="20221122 23:06:39.824"/>
</kw>
<status status="PASS" starttime="20221122 23:06:37.481" endtime="20221122 23:06:39.824"/>
</kw>
<kw name="Verify Checkbox Is Selected" library="search">
<doc>Keyword to verify checkbox is selected</doc>
<kw name="Scroll Element Into View" library="SeleniumLibrary">
<arg>${checkBox_resultSearchPage}</arg>
<doc>Scrolls the element identified by ``locator`` into view.</doc>
<status status="PASS" starttime="20221122 23:06:39.825" endtime="20221122 23:06:40.251"/>
</kw>
<kw name="Checkbox Should Be Selected" library="SeleniumLibrary">
<arg>${checkBoxSelected_resultSearchPage}</arg>
<doc>Verifies checkbox ``locator`` is selected/checked.</doc>
<msg timestamp="20221122 23:06:40.252" level="INFO">Verifying checkbox '//*[@id="brandsRefinements"]//span[contains(text(), "Dell")]/preceding-sibling::*//input' is selected.</msg>
<status status="PASS" starttime="20221122 23:06:40.251" endtime="20221122 23:06:40.285"/>
</kw>
<status status="PASS" starttime="20221122 23:06:39.824" endtime="20221122 23:06:40.285"/>
</kw>
<status status="PASS" starttime="20221122 23:06:37.481" endtime="20221122 23:06:40.285"/>
</kw>
<kw name="User Open Items Detail" library="libraries">
<doc>Keyword to user has opened items detail</doc>
<kw name="Click Random Title Card On List" library="search">
<doc>Keyword to click random title card on list</doc>
<kw name="Get Text" library="SeleniumLibrary">
<var>${CARD_TITLE}</var>
<arg>${resultSearchTitleCard_resultSearchPage}</arg>
<doc>Returns the text value of the element identified by ``locator``.</doc>
<msg timestamp="20221122 23:06:40.317" level="INFO">${CARD_TITLE} = Dell OP3060MFFXKF5K OptiPlex 3060 XKF5K Micro PC with Intel Core i5-8500T 2.1 GHz Hexa-core, 8GB RAM, 256GB SSD, Windows 10 Pro 64-bit (Renewed)</msg>
<status status="PASS" starttime="20221122 23:06:40.286" endtime="20221122 23:06:40.317"/>
</kw>
<kw name="Set Suite Variable" library="BuiltIn">
<arg>${CARD_TITLE}</arg>
<doc>Makes a variable available everywhere within the scope of the current suite.</doc>
<msg timestamp="20221122 23:06:40.317" level="INFO">${CARD_TITLE} = Dell OP3060MFFXKF5K OptiPlex 3060 XKF5K Micro PC with Intel Core i5-8500T 2.1 GHz Hexa-core, 8GB RAM, 256GB SSD, Windows 10 Pro 64-bit (Renewed)</msg>
<status status="PASS" starttime="20221122 23:06:40.317" endtime="20221122 23:06:40.317"/>
</kw>
<kw name="Click Element" library="SeleniumLibrary">
<arg>${resultSearchTitleCard_resultSearchPage}</arg>
<doc>Click the element identified by ``locator``.</doc>
<msg timestamp="20221122 23:06:40.318" level="INFO">Clicking element '//*[@class="a-size-mini a-spacing-none a-color-base s-line-clamp-2"]//*[@class="a-size-medium a-color-base a-text-normal"]'.</msg>
<status status="PASS" starttime="20221122 23:06:40.317" endtime="20221122 23:06:46.336"/>
</kw>
<status status="PASS" starttime="20221122 23:06:40.285" endtime="20221122 23:06:46.336"/>
</kw>
<kw name="Verify Successfully Open Item Detail Card" library="cart">
<doc>Keyword to Verify Successfully Open Item Detail Card</doc>
<kw name="Wait Until Element Is Visible" library="SeleniumLibrary">
<arg>${imageDetail_cartPage}</arg>
<doc>Waits until the element ``locator`` is visible.</doc>
<status status="PASS" starttime="20221122 23:06:46.337" endtime="20221122 23:06:46.362"/>
</kw>
<kw name="Element Text Should Be" library="SeleniumLibrary">
<arg>${productTitleCard_detailSearchPage}</arg>
<arg>${CARD_TITLE}</arg>
<doc>Verifies that element ``locator`` contains exact the text ``expected``.</doc>
<msg timestamp="20221122 23:06:46.363" level="INFO">Verifying element '//*[@id="productTitle"]' contains exact text 'Dell OP3060MFFXKF5K OptiPlex 3060 XKF5K Micro PC with Intel Core i5-8500T 2.1 GHz Hexa-core, 8GB RAM, 256GB SSD, Windows 10 Pro 64-bit (Renewed)'.</msg>
<status status="PASS" starttime="20221122 23:06:46.362" endtime="20221122 23:06:46.436"/>
</kw>
<status status="PASS" starttime="20221122 23:06:46.336" endtime="20221122 23:06:46.436"/>
</kw>
<status status="PASS" starttime="20221122 23:06:40.285" endtime="20221122 23:06:46.436"/>
</kw>
<kw name="User Choose Quantity Items" library="libraries">
<kw name="Click Quantity Button" library="search">
<doc>Keyword to click quantity button</doc>
<kw name="Click Element" library="SeleniumLibrary">
<arg>${quantityButton_detailSearchPage}</arg>
<doc>Click the element identified by ``locator``.</doc>
<msg timestamp="20221122 23:06:46.438" level="INFO">Clicking element '//*[@class="a-button-inner"]'.</msg>
<status status="PASS" starttime="20221122 23:06:46.437" endtime="20221122 23:06:46.608"/>
</kw>
<status status="PASS" starttime="20221122 23:06:46.437" endtime="20221122 23:06:46.609"/>
</kw>
<kw name="Choose Quantity Number" library="search">
<doc>Keyword to selected quantity number</doc>
<kw name="Evaluate" library="BuiltIn">
<var>${numbers}</var>
<arg>random.randint(2,5)</arg>
<arg>random</arg>
<doc>Evaluates the given expression in Python and returns the result.</doc>
<msg timestamp="20221122 23:06:46.609" level="INFO">${numbers} = 3</msg>
<status status="PASS" starttime="20221122 23:06:46.609" endtime="20221122 23:06:46.609"/>
</kw>
<kw name="Set Variable" library="BuiltIn">
<var>${quantity_data}</var>
<arg>${numbers}</arg>
<doc>Returns the given values which can then be assigned to a variables.</doc>
<msg timestamp="20221122 23:06:46.610" level="INFO">${quantity_data} = 3</msg>
<status status="PASS" starttime="20221122 23:06:46.610" endtime="20221122 23:06:46.610"/>
</kw>
<kw name="Evaluate" library="BuiltIn">
<var>${quantity}</var>
<arg>${quantity_data} - 1</arg>
<doc>Evaluates the given expression in Python and returns the result.</doc>
<msg timestamp="20221122 23:06:46.611" level="INFO">${quantity} = 2</msg>
<status status="PASS" starttime="20221122 23:06:46.610" endtime="20221122 23:06:46.611"/>
</kw>
<kw name="Click Element" library="SeleniumLibrary">
<arg>${quantityText_detailSearchPage.format("${quantity}")}</arg>
<doc>Click the element identified by ``locator``.</doc>
<msg timestamp="20221122 23:06:46.612" level="INFO">Clicking element '//*[@class="a-popover-inner"]//*[@id="quantity_2"]'.</msg>
<status status="PASS" starttime="20221122 23:06:46.611" endtime="20221122 23:06:46.879"/>
</kw>
<kw name="Set Suite Variable" library="BuiltIn">
<arg>${QUANTITY_DATA}</arg>
<arg>${quantity_data}</arg>
<doc>Makes a variable available everywhere within the scope of the current suite.</doc>
<msg timestamp="20221122 23:06:46.879" level="INFO">${QUANTITY_DATA} = 3</msg>
<status status="PASS" starttime="20221122 23:06:46.879" endtime="20221122 23:06:46.880"/>
</kw>
<status status="PASS" starttime="20221122 23:06:46.609" endtime="20221122 23:06:46.880"/>
</kw>
<kw name="Verify Quantity Is Selected" library="search">
<doc>Keyword to verify quantity is selected</doc>
<kw name="Element Text Should Be" library="SeleniumLibrary">
<arg>${numberQuantity_detailSearchPage}</arg>
<arg>${QUANTITY_DATA}</arg>
<doc>Verifies that element ``locator`` contains exact the text ``expected``.</doc>
<msg timestamp="20221122 23:06:46.882" level="INFO">Verifying element '//*[@class="a-dropdown-prompt"]' contains exact text '3'.</msg>
<status status="PASS" starttime="20221122 23:06:46.880" endtime="20221122 23:06:46.904"/>
</kw>
<status status="PASS" starttime="20221122 23:06:46.880" endtime="20221122 23:06:46.904"/>
</kw>
<status status="PASS" starttime="20221122 23:06:46.437" endtime="20221122 23:06:46.904"/>
</kw>
<kw name="User Added Items To Cart" library="libraries">
<doc>Keyword to user added items to cart</doc>
<kw name="Click Add To Cart Button" library="search">
<doc>Keyword to click add to cart button</doc>
<kw name="Click Element" library="SeleniumLibrary">
<arg>${cartButton_detailSearchPage}</arg>
<doc>Click the element identified by ``locator``.</doc>
<msg timestamp="20221122 23:06:46.905" level="INFO">Clicking element '//*[@id="add-to-cart-button"]'.</msg>
<status status="PASS" starttime="20221122 23:06:46.905" endtime="20221122 23:06:47.012"/>
</kw>
<status status="PASS" starttime="20221122 23:06:46.904" endtime="20221122 23:06:47.012"/>
</kw>
<kw name="Verify Cart Successfully Added" library="cart">
<doc>Keyword to verify cart successfully added</doc>
<kw name="Wait Until Page Contains Element" library="SeleniumLibrary">
<arg>${successAddedCart_cartPage}</arg>
<doc>Waits until the element ``locator`` appears on the current page.</doc>
<status status="PASS" starttime="20221122 23:06:47.013" endtime="20221122 23:06:49.086"/>
</kw>
<status status="PASS" starttime="20221122 23:06:47.012" endtime="20221122 23:06:49.087"/>
</kw>
<status status="PASS" starttime="20221122 23:06:46.904" endtime="20221122 23:06:49.087"/>
</kw>
<kw name="User Go To Cart Page" library="libraries">
<doc>Keyword user go to cart page</doc>
<kw name="Click Go To Cart Button" library="cart">
<doc>Keyword to click go to cart button</doc>
<kw name="Wait Until Page Contains Element" library="SeleniumLibrary">
<arg>${directToCartButton_cartPage}</arg>
<doc>Waits until the element ``locator`` appears on the current page.</doc>
<status status="PASS" starttime="20221122 23:06:49.087" endtime="20221122 23:06:49.102"/>
</kw>
<kw name="Click Element" library="SeleniumLibrary">
<arg>${directToCartButton_cartPage}</arg>
<doc>Click the element identified by ``locator``.</doc>
<msg timestamp="20221122 23:06:49.103" level="INFO">Clicking element '//*[@id="sw-gtc"]//*[contains(text(), "Go to Cart")]'.</msg>
<status status="PASS" starttime="20221122 23:06:49.103" endtime="20221122 23:06:51.861"/>
</kw>
<status status="PASS" starttime="20221122 23:06:49.087" endtime="20221122 23:06:51.861"/>
</kw>
<kw name="Verify Cart Page Appears" library="cart">
<doc>Keyword to verify cart page</doc>
<kw name="Element Should Contain" library="SeleniumLibrary">
<arg>${titleItemOnCart_cartPage}</arg>
<arg>${CARD_TITLE}</arg>
<doc>Verifies that element ``locator`` contains text ``expected``.</doc>
<msg timestamp="20221122 23:06:51.959" level="INFO">Element '//*[@class="a-truncate a-size-medium"]//*[@class="a-truncate-cut"]' contains text 'Dell OP3060MFFXKF5K OptiPlex 3060 XKF5K Micro PC with Intel Core i5-8500T 2.1 GHz Hexa-core, 8GB RAM, 256GB SSD, Windows 10 Pro 64-bit (Renewed)'.</msg>
<status status="PASS" starttime="20221122 23:06:51.862" endtime="20221122 23:06:51.959"/>
</kw>
<kw name="Element Should Be Visible" library="SeleniumLibrary">
<arg>${totalItemsCart_cartPage.format("${QUANTITY_DATA}")}</arg>
<doc>Verifies that the element identified by ``locator`` is visible.</doc>
<msg timestamp="20221122 23:06:51.996" level="INFO">Element '//*[@id="sc-subtotal-label-buybox" and contains(text(), "Subtotal (3 items)")]' is displayed.</msg>
<status status="PASS" starttime="20221122 23:06:51.959" endtime="20221122 23:06:51.996"/>
</kw>
<status status="PASS" starttime="20221122 23:06:51.862" endtime="20221122 23:06:51.996"/>
</kw>
<status status="PASS" starttime="20221122 23:06:49.087" endtime="20221122 23:06:51.996"/>
</kw>
<kw name="User Deleted Item On Cart Page" library="libraries">
<doc>Keyword to user successfullt delete item on cart page</doc>
<kw name="Click Delete Item On Shopping Cart" library="cart">
<doc>Keyword to click delete item on shopping cart</doc>
<kw name="Click Element" library="SeleniumLibrary">
<arg>${deleteCart_cartPage}</arg>
<doc>Click the element identified by ``locator``.</doc>
<msg timestamp="20221122 23:06:51.998" level="INFO">Clicking element '//*[@class="a-size-small sc-action-delete"]//*[@value="Delete"]'.</msg>
<status status="PASS" starttime="20221122 23:06:51.998" endtime="20221122 23:06:52.082"/>
</kw>
<status status="PASS" starttime="20221122 23:06:51.997" endtime="20221122 23:06:52.083"/>
</kw>
<kw name="Verify Items Successfully Deleted" library="cart">
<doc>Keyword to verify items successfully deleted</doc>
<kw name="Wait Until Page Contains Element" library="SeleniumLibrary">
<arg>${emptyPageCart_cartPage}</arg>
<doc>Waits until the element ``locator`` appears on the current page.</doc>
<status status="PASS" starttime="20221122 23:06:52.083" endtime="20221122 23:06:52.738"/>
</kw>
<kw name="Element Should Be Visible" library="SeleniumLibrary">
<arg>${subtotal0EmptyCart_cartPage}</arg>
<doc>Verifies that the element identified by ``locator`` is visible.</doc>
<msg timestamp="20221122 23:06:52.759" level="INFO">Element '//*[@id="sc-subtotal-label-activecart" and contains(text(), "Subtotal (0 items):")]' is displayed.</msg>
<status status="PASS" starttime="20221122 23:06:52.738" endtime="20221122 23:06:52.759"/>
</kw>
<status status="PASS" starttime="20221122 23:06:52.083" endtime="20221122 23:06:52.760"/>
</kw>
<status status="PASS" starttime="20221122 23:06:51.997" endtime="20221122 23:06:52.760"/>
</kw>
<doc>Keyword to user should be able to delete cart</doc>
<status status="PASS" starttime="20221122 23:06:32.678" endtime="20221122 23:06:52.760"/>
</test>
<doc>Keyword to delete cart</doc>
<status status="PASS" starttime="20221122 23:06:27.674" endtime="20221122 23:06:52.761"/>
</suite>
<statistics>
<total>
<stat pass="1" fail="0" skip="0">All Tests</stat>
</total>
<tag>
</tag>
<suite>
<stat pass="1" fail="0" skip="0" id="s1" name="Suite">Suite</stat>
</suite>
</statistics>
<errors>
</errors>
</robot>
